{"numTotalTestSuites":22,"numPassedTestSuites":19,"numFailedTestSuites":3,"numPendingTestSuites":0,"numTotalTests":63,"numPassedTests":61,"numFailedTests":2,"numPendingTests":0,"numTodoTests":0,"snapshot":{"added":0,"failure":false,"filesAdded":0,"filesRemoved":0,"filesRemovedList":[],"filesUnmatched":0,"filesUpdated":0,"matched":0,"total":0,"unchecked":0,"uncheckedKeysByFile":[],"unmatched":0,"updated":0,"didUpdate":false},"startTime":1775824888916,"success":false,"testResults":[{"assertionResults":[{"ancestorTitles":["Auto-mapping"],"fullName":"Auto-mapping maps common column names to practice template fields","status":"passed","title":"maps common column names to practice template fields","duration":1.70298200000002,"failureMessages":[],"meta":{}},{"ancestorTitles":["Auto-mapping"],"fullName":"Auto-mapping maps OG and Twitter metadata images to the intended practice fields","status":"passed","title":"maps OG and Twitter metadata images to the intended practice fields","duration":0.3643520000000535,"failureMessages":[],"meta":{}},{"ancestorTitles":["Auto-mapping"],"fullName":"Auto-mapping maps practice meta title from real title metadata and leaves metadata.og:type unmapped","status":"passed","title":"maps practice meta title from real title metadata and leaves metadata.og:type unmapped","duration":0.7284149999999272,"failureMessages":[],"meta":{}},{"ancestorTitles":["Auto-mapping"],"fullName":"Auto-mapping maps blog post column names correctly","status":"passed","title":"maps blog post column names correctly","duration":0.28144199999997,"failureMessages":[],"meta":{}},{"ancestorTitles":["Field mapping"],"fullName":"Field mapping maps source data to target fields correctly","status":"passed","title":"maps source data to target fields correctly","duration":0.3028020000000424,"failureMessages":[],"meta":{}},{"ancestorTitles":["Source cleaning"],"fullName":"Source cleaning strips shortcode tags but preserves content between them","status":"passed","title":"strips shortcode tags but preserves content between them","duration":1.163748000000055,"failureMessages":[],"meta":{}},{"ancestorTitles":["Source cleaning"],"fullName":"Source cleaning fixes mojibake encoding","status":"passed","title":"fixes mojibake encoding","duration":0.38040300000000116,"failureMessages":[],"meta":{}},{"ancestorTitles":["Source cleaning"],"fullName":"Source cleaning normalizes whitespace in HTML content","status":"passed","title":"normalizes whitespace in HTML content","duration":0.42314299999998184,"failureMessages":[],"meta":{}},{"ancestorTitles":["Content extraction"],"fullName":"Content extraction strips page shell (DOCTYPE, html, head, body, script, style)","status":"passed","title":"strips page shell (DOCTYPE, html, head, body, script, style)","duration":2.3887170000000424,"failureMessages":[],"meta":{}},{"ancestorTitles":["Content extraction"],"fullName":"Content extraction unwraps builder layout divs","status":"passed","title":"unwraps builder layout divs","duration":1.2995290000000068,"failureMessages":[],"meta":{}},{"ancestorTitles":["Content extraction"],"fullName":"Content extraction prefers true article containers inside broad wrappers and excludes shell chrome","status":"passed","title":"prefers true article containers inside broad wrappers and excludes shell chrome","duration":1.5956410000000005,"failureMessages":[],"meta":{}},{"ancestorTitles":["Bare div handling"],"fullName":"Bare div handling unwraps deeply nested bare divs","status":"passed","title":"unwraps deeply nested bare divs","duration":0.2425110000000359,"failureMessages":[],"meta":{}},{"ancestorTitles":["Bare div handling"],"fullName":"Bare div handling removes bare divs that become empty after unwrapping","status":"passed","title":"removes bare divs that become empty after unwrapping","duration":0.11924099999998816,"failureMessages":[],"meta":{}},{"ancestorTitles":["Builder class preservation"],"fullName":"Builder class preservation preserves builder classes through source cleaning (stages 1-4)","status":"passed","title":"preserves builder classes through source cleaning (stages 1-4)","duration":0.15881100000001425,"failureMessages":[],"meta":{}},{"ancestorTitles":["Secondary content filtering"],"fullName":"Secondary content filtering removes sidebar widgets","status":"passed","title":"removes sidebar widgets","duration":1.476350000000025,"failureMessages":[],"meta":{}},{"ancestorTitles":["Secondary content filtering"],"fullName":"Secondary content filtering removes CTA / contact blocks","status":"passed","title":"removes CTA / contact blocks","duration":0.8011860000000297,"failureMessages":[],"meta":{}},{"ancestorTitles":["Sub-section stripping"],"fullName":"Sub-section stripping strips h3-h6 secondary headings inside H2 blocks","status":"passed","title":"strips h3-h6 secondary headings inside H2 blocks","duration":0.27899200000001656,"failureMessages":[],"meta":{}},{"ancestorTitles":["Link-list detection"],"fullName":"Link-list detection catches <ul> blog-roll patterns as post listings","status":"passed","title":"catches <ul> blog-roll patterns as post listings","duration":0.13489100000003873,"failureMessages":[],"meta":{}},{"ancestorTitles":["Empty element cleanup"],"fullName":"Empty element cleanup removes cascading empty elements","status":"passed","title":"removes cascading empty elements","duration":2.6751880000000483,"failureMessages":[],"meta":{}},{"ancestorTitles":["H2 splitting"],"fullName":"H2 splitting splits body into named content sections","status":"passed","title":"splits body into named content sections","duration":0.2879319999999552,"failureMessages":[],"meta":{}},{"ancestorTitles":["FAQ extraction"],"fullName":"FAQ extraction extracts Q&A patterns from content","status":"passed","title":"extracts Q&A patterns from content","duration":2.5332769999999982,"failureMessages":[],"meta":{}},{"ancestorTitles":["FAQ extraction"],"fullName":"FAQ extraction does not create FAQ items from question-like practice content without an explicit FAQ heading","status":"passed","title":"does not create FAQ items from question-like practice content without an explicit FAQ heading","duration":3.749845999999934,"failureMessages":[],"meta":{}},{"ancestorTitles":["FAQ extraction"],"fullName":"FAQ extraction does not create FAQ items for non-practice content without an explicit FAQ heading","status":"passed","title":"does not create FAQ items for non-practice content without an explicit FAQ heading","duration":0.48324400000001333,"failureMessages":[],"meta":{}},{"ancestorTitles":["Area heading normalization"],"fullName":"Area heading normalization keeps promoted section headings out of intro, why, and closing bodies","status":"passed","title":"keeps promoted section headings out of intro, why, and closing bodies","duration":1.2976189999999406,"failureMessages":[],"meta":{}},{"ancestorTitles":["Area heading normalization"],"fullName":"Area heading normalization promotes opening H4 headings while preserving later body headings","status":"passed","title":"promotes opening H4 headings while preserving later body headings","duration":0.8969160000000329,"failureMessages":[],"meta":{}},{"ancestorTitles":["Area heading normalization"],"fullName":"Area heading normalization rebuilds practice content with the original promoted heading level","status":"passed","title":"rebuilds practice content with the original promoted heading level","duration":1.2598590000000058,"failureMessages":[],"meta":{}},{"ancestorTitles":["Practice deterministic section parsing"],"fullName":"Practice deterministic section parsing merges pre-H2 intro into the first real practice section without creating a standalone intro section","status":"passed","title":"merges pre-H2 intro into the first real practice section without creating a standalone intro section","duration":0.749924999999962,"failureMessages":[],"meta":{}},{"ancestorTitles":["Practice deterministic section parsing"],"fullName":"Practice deterministic section parsing extracts FAQ sections before practice section allocation","status":"passed","title":"extracts FAQ sections before practice section allocation","duration":0.6374549999999317,"failureMessages":[],"meta":{}},{"ancestorTitles":["Practice deterministic section parsing"],"fullName":"Practice deterministic section parsing treats FAQs headings as dedicated FAQ sections without duplicating them in content blocks","status":"passed","title":"treats FAQs headings as dedicated FAQ sections without duplicating them in content blocks","duration":0.6768640000000232,"failureMessages":[],"meta":{}},{"ancestorTitles":["Practice deterministic section parsing"],"fullName":"Practice deterministic section parsing recognizes FAQ headings that include trailing topic text","status":"passed","title":"recognizes FAQ headings that include trailing topic text","duration":0.6588440000000446,"failureMessages":[],"meta":{}},{"ancestorTitles":["Practice deterministic section parsing"],"fullName":"Practice deterministic section parsing populates the practice hero h1 field and default tagline from the import template","status":"passed","title":"populates the practice hero h1 field and default tagline from the import template","duration":0.4675130000000536,"failureMessages":[],"meta":{}},{"ancestorTitles":["Practice deterministic section parsing"],"fullName":"Practice deterministic section parsing preserves an explicitly mapped practice hero tagline when provided","status":"passed","title":"preserves an explicitly mapped practice hero tagline when provided","duration":0.2659519999999702,"failureMessages":[],"meta":{}},{"ancestorTitles":["Practice deterministic section parsing"],"fullName":"Practice deterministic section parsing does not reuse extracted source hero subtitle text as the practice tagline default","status":"passed","title":"does not reuse extracted source hero subtitle text as the practice tagline default","duration":0.33949299999994764,"failureMessages":[],"meta":{}},{"ancestorTitles":["Practice deterministic section parsing"],"fullName":"Practice deterministic section parsing preserves the full practice meta title while keeping the page title cleaned","status":"passed","title":"preserves the full practice meta title while keeping the page title cleaned","duration":3.0626610000000483,"failureMessages":[],"meta":{}},{"ancestorTitles":["Practice deterministic section parsing"],"fullName":"Practice deterministic section parsing uses paragraph fallback chunks, preserves H4 headings, and extracts only the first image per practice section","status":"passed","title":"uses paragraph fallback chunks, preserves H4 headings, and extracts only the first image per practice section","duration":1.235008999999991,"failureMessages":[],"meta":{}},{"ancestorTitles":["Practice deterministic section parsing"],"fullName":"Practice deterministic section parsing moves paragraph-wrapped inline images into the practice section image field","status":"passed","title":"moves paragraph-wrapped inline images into the practice section image field","duration":0.4269930000000386,"failureMessages":[],"meta":{}},{"ancestorTitles":["Practice deterministic section parsing"],"fullName":"Practice deterministic section parsing extracts real lazy-loaded image urls for later practice sections","status":"passed","title":"extracts real lazy-loaded image urls for later practice sections","duration":0.545304000000101,"failureMessages":[],"meta":{}},{"ancestorTitles":["Practice deterministic section parsing"],"fullName":"Practice deterministic section parsing drops placeholder-only image tags instead of storing data urls in practice sections","status":"passed","title":"drops placeholder-only image tags instead of storing data urls in practice sections","duration":0.36720200000002023,"failureMessages":[],"meta":{}},{"ancestorTitles":["Practice deterministic section parsing"],"fullName":"Practice deterministic section parsing prefers data-lazy-src and noscript fallback images for later practice sections","status":"passed","title":"prefers data-lazy-src and noscript fallback images for later practice sections","duration":0.7654850000000124,"failureMessages":[],"meta":{}},{"ancestorTitles":["Practice deterministic section parsing"],"fullName":"Practice deterministic section parsing promotes the first kept section image from raw html even when an earlier h2 section is filtered out","status":"passed","title":"promotes the first kept section image from raw html even when an earlier h2 section is filtered out","duration":0.39411200000006374,"failureMessages":[],"meta":{}},{"ancestorTitles":["Practice deterministic section parsing"],"fullName":"Practice deterministic section parsing removes recent-posts style sub-sections from practice body content","status":"passed","title":"removes recent-posts style sub-sections from practice body content","duration":0.31127200000003086,"failureMessages":[],"meta":{}},{"ancestorTitles":["Practice deterministic section parsing"],"fullName":"Practice deterministic section parsing alternates CTA visibility across imported practice content sections","status":"passed","title":"alternates CTA visibility across imported practice content sections","duration":0.3700620000000754,"failureMessages":[],"meta":{}},{"ancestorTitles":["Practice deterministic section parsing"],"fullName":"Practice deterministic section parsing keeps practice section building scoped to article content instead of header or sidebar fragments","status":"passed","title":"keeps practice section building scoped to article content instead of header or sidebar fragments","duration":1.5923810000000458,"failureMessages":[],"meta":{}},{"ancestorTitles":["URL slug normalization"],"fullName":"URL slug normalization preserves the full pathname when normalizing a full practice URL","status":"passed","title":"preserves the full pathname when normalizing a full practice URL","duration":0.17514199999993707,"failureMessages":[],"meta":{}},{"ancestorTitles":["URL slug normalization"],"fullName":"URL slug normalization preserves multi-segment practice paths instead of collapsing to the last segment","status":"passed","title":"preserves multi-segment practice paths instead of collapsing to the last segment","duration":0.12799100000006547,"failureMessages":[],"meta":{}},{"ancestorTitles":["URL slug normalization"],"fullName":"URL slug normalization handles bare slug","status":"passed","title":"handles bare slug","duration":0.10641999999995733,"failureMessages":[],"meta":{}},{"ancestorTitles":["URL slug normalization"],"fullName":"URL slug normalization falls back to title when slug is empty","status":"passed","title":"falls back to title when slug is empty","duration":0.07545100000004368,"failureMessages":[],"meta":{}},{"ancestorTitles":["URL slug normalization"],"fullName":"URL slug normalization adds trailing slash for post slugs","status":"passed","title":"adds trailing slash for post slugs","duration":0.0665400000000318,"failureMessages":[],"meta":{}},{"ancestorTitles":["URL slug normalization"],"fullName":"URL slug normalization preserves the full source pathname when resolving practice import paths","status":"passed","title":"preserves the full source pathname when resolving practice import paths","duration":0.15072199999997338,"failureMessages":[],"meta":{}},{"ancestorTitles":["URL slug normalization"],"fullName":"URL slug normalization preserves nested areas-we-serve practice paths after removing only the domain","status":"passed","title":"preserves nested areas-we-serve practice paths after removing only the domain","duration":0.13695100000006732,"failureMessages":[],"meta":{}},{"ancestorTitles":["URL slug normalization"],"fullName":"URL slug normalization adds trailing slash to generated practice paths without a template prefix","status":"passed","title":"adds trailing slash to generated practice paths without a template prefix","duration":0.11462000000005901,"failureMessages":[],"meta":{}},{"ancestorTitles":["Validation"],"fullName":"Validation validates required fields","status":"passed","title":"validates required fields","duration":0.5049430000000257,"failureMessages":[],"meta":{}},{"ancestorTitles":["Validation"],"fullName":"Validation validates slug format","status":"passed","title":"validates slug format","duration":0.20605199999999968,"failureMessages":[],"meta":{}},{"ancestorTitles":["Validation"],"fullName":"Validation warns about missing meta description","status":"passed","title":"warns about missing meta description","duration":0.16133099999990463,"failureMessages":[],"meta":{}},{"ancestorTitles":["Practice image allocation"],"fullName":"Practice image allocation keeps hero background and OG image targets distinct in the prepared record","status":"failed","title":"keeps hero background and OG image targets distinct in the prepared record","duration":9.924038999999993,"failureMessages":["AssertionError: expected '/practice-areas/car-accident/' to be '/car-accident/' // Object.is equality\n    at /root/app/code/client/lib/importer/__tests__/practicePagePipeline.spec.ts:969:27\n    at file:///root/app/code/node_modules/.pnpm/@vitest+runner@3.2.4/node_modules/@vitest/runner/dist/chunk-hooks.js:155:11\n    at file:///root/app/code/node_modules/.pnpm/@vitest+runner@3.2.4/node_modules/@vitest/runner/dist/chunk-hooks.js:752:26\n    at file:///root/app/code/node_modules/.pnpm/@vitest+runner@3.2.4/node_modules/@vitest/runner/dist/chunk-hooks.js:1897:20\n    at new Promise (<anonymous>)\n    at runWithTimeout (file:///root/app/code/node_modules/.pnpm/@vitest+runner@3.2.4/node_modules/@vitest/runner/dist/chunk-hooks.js:1863:10)\n    at runTest (file:///root/app/code/node_modules/.pnpm/@vitest+runner@3.2.4/node_modules/@vitest/runner/dist/chunk-hooks.js:1574:12)\n    at processTicksAndRejections (node:internal/process/task_queues:105:5)\n    at runSuite (file:///root/app/code/node_modules/.pnpm/@vitest+runner@3.2.4/node_modules/@vitest/runner/dist/chunk-hooks.js:1729:8)\n    at runSuite (file:///root/app/code/node_modules/.pnpm/@vitest+runner@3.2.4/node_modules/@vitest/runner/dist/chunk-hooks.js:1729:8)"],"meta":{}},{"ancestorTitles":["Practice detail section layout"],"fullName":"Practice detail section layout renders a full-width content section with centered CTAs when no image is present","status":"passed","title":"renders a full-width content section with centered CTAs when no image is present","duration":12.964459999999917,"failureMessages":[],"meta":{}},{"ancestorTitles":["Practice detail section layout"],"fullName":"Practice detail section layout renders CTAs beneath the image column when an image is present","status":"passed","title":"renders CTAs beneath the image column when an image is present","duration":1.472189999999955,"failureMessages":[],"meta":{}},{"ancestorTitles":["Practice detail section layout"],"fullName":"Practice detail section layout strips inline images from practice section body HTML before rendering","status":"passed","title":"strips inline images from practice section body HTML before rendering","duration":0.9702469999999721,"failureMessages":[],"meta":{}},{"ancestorTitles":["Full pipeline integration"],"fullName":"Full pipeline integration transforms raw Divi HTML into a clean CMS record","status":"failed","title":"transforms raw Divi HTML into a clean CMS record","duration":7.072318999999993,"failureMessages":["AssertionError: expected '/practice-areas/car-accident/' to be '/car-accident/' // Object.is equality\n    at /root/app/code/client/lib/importer/__tests__/practicePagePipeline.spec.ts:1122:27\n    at file:///root/app/code/node_modules/.pnpm/@vitest+runner@3.2.4/node_modules/@vitest/runner/dist/chunk-hooks.js:155:11\n    at file:///root/app/code/node_modules/.pnpm/@vitest+runner@3.2.4/node_modules/@vitest/runner/dist/chunk-hooks.js:752:26\n    at file:///root/app/code/node_modules/.pnpm/@vitest+runner@3.2.4/node_modules/@vitest/runner/dist/chunk-hooks.js:1897:20\n    at new Promise (<anonymous>)\n    at runWithTimeout (file:///root/app/code/node_modules/.pnpm/@vitest+runner@3.2.4/node_modules/@vitest/runner/dist/chunk-hooks.js:1863:10)\n    at runTest (file:///root/app/code/node_modules/.pnpm/@vitest+runner@3.2.4/node_modules/@vitest/runner/dist/chunk-hooks.js:1574:12)\n    at processTicksAndRejections (node:internal/process/task_queues:105:5)\n    at runSuite (file:///root/app/code/node_modules/.pnpm/@vitest+runner@3.2.4/node_modules/@vitest/runner/dist/chunk-hooks.js:1729:8)\n    at runSuite (file:///root/app/code/node_modules/.pnpm/@vitest+runner@3.2.4/node_modules/@vitest/runner/dist/chunk-hooks.js:1729:8)"],"meta":{}},{"ancestorTitles":["CSV parsing"],"fullName":"CSV parsing parses CSV with headers and rows","status":"passed","title":"parses CSV with headers and rows","duration":0.7022249999999985,"failureMessages":[],"meta":{}},{"ancestorTitles":["CSV parsing"],"fullName":"CSV parsing handles quoted fields with commas","status":"passed","title":"handles quoted fields with commas","duration":0.17026099999998223,"failureMessages":[],"meta":{}},{"ancestorTitles":["JSON parsing"],"fullName":"JSON parsing parses JSON array","status":"passed","title":"parses JSON array","duration":0.4264229999999998,"failureMessages":[],"meta":{}},{"ancestorTitles":["JSON parsing"],"fullName":"JSON parsing extracts nested arrays with jsonPath","status":"passed","title":"extracts nested arrays with jsonPath","duration":0.25284099999998944,"failureMessages":[],"meta":{}}],"startTime":1775824889726,"endTime":1775824889803.253,"status":"failed","message":"","name":"/root/app/code/client/lib/importer/__tests__/practicePagePipeline.spec.ts"}]}