{"numTotalTestSuites":24,"numPassedTestSuites":24,"numFailedTestSuites":0,"numPendingTestSuites":0,"numTotalTests":59,"numPassedTests":59,"numFailedTests":0,"numPendingTests":0,"numTodoTests":0,"snapshot":{"added":0,"failure":false,"filesAdded":0,"filesRemoved":0,"filesRemovedList":[],"filesUnmatched":0,"filesUpdated":0,"matched":0,"total":0,"unchecked":0,"uncheckedKeysByFile":[],"unmatched":0,"updated":0,"didUpdate":false},"startTime":1775674140774,"success":true,"testResults":[{"assertionResults":[{"ancestorTitles":["rewritePracticeContentSectionImages"],"fullName":"rewritePracticeContentSectionImages rewrites every practice section image and reuses uploads for duplicate source URLs","status":"passed","title":"rewrites every practice section image and reuses uploads for duplicate source URLs","duration":3.247913000000011,"failureMessages":[],"meta":{}},{"ancestorTitles":["rewritePracticeContentSectionImages"],"fullName":"rewritePracticeContentSectionImages leaves practice content unchanged when there are no external section images to upload","status":"passed","title":"leaves practice content unchanged when there are no external section images to upload","duration":0.668405000000007,"failureMessages":[],"meta":{}},{"ancestorTitles":["rewritePracticeContentSectionImages"],"fullName":"rewritePracticeContentSectionImages clears placeholder data urls instead of preserving them as section images","status":"passed","title":"clears placeholder data urls instead of preserving them as section images","duration":0.7449550000000045,"failureMessages":[],"meta":{}},{"ancestorTitles":["rewritePracticeContentSectionImages"],"fullName":"rewritePracticeContentSectionImages recovers later section images from inline lazy-loaded html and removes inline img tags from the body","status":"passed","title":"recovers later section images from inline lazy-loaded html and removes inline img tags from the body","duration":0.9871169999999836,"failureMessages":[],"meta":{}},{"ancestorTitles":["rewritePracticeContentSectionImages"],"fullName":"rewritePracticeContentSectionImages recovers noscript fallback images and removes leftover noscript markup from section bodies","status":"passed","title":"recovers noscript fallback images and removes leftover noscript markup from section bodies","duration":0.6185339999999826,"failureMessages":[],"meta":{}}],"startTime":1775674141967,"endTime":1775674141973.6187,"status":"passed","message":"","name":"/root/app/code/server/routes/bulk-import.spec.ts"},{"assertionResults":[{"ancestorTitles":["Auto-mapping"],"fullName":"Auto-mapping maps common column names to practice template fields","status":"passed","title":"maps common column names to practice template fields","duration":1.6087909999999965,"failureMessages":[],"meta":{}},{"ancestorTitles":["Auto-mapping"],"fullName":"Auto-mapping maps OG and Twitter metadata images to the intended practice fields","status":"passed","title":"maps OG and Twitter metadata images to the intended practice fields","duration":0.3346119999999928,"failureMessages":[],"meta":{}},{"ancestorTitles":["Auto-mapping"],"fullName":"Auto-mapping maps practice meta title from real title metadata and leaves metadata.og:type unmapped","status":"passed","title":"maps practice meta title from real title metadata and leaves metadata.og:type unmapped","duration":0.7557049999999208,"failureMessages":[],"meta":{}},{"ancestorTitles":["Auto-mapping"],"fullName":"Auto-mapping maps blog post column names correctly","status":"passed","title":"maps blog post column names correctly","duration":0.2731019999999944,"failureMessages":[],"meta":{}},{"ancestorTitles":["Field mapping"],"fullName":"Field mapping maps source data to target fields correctly","status":"passed","title":"maps source data to target fields correctly","duration":0.31525199999998677,"failureMessages":[],"meta":{}},{"ancestorTitles":["Source cleaning"],"fullName":"Source cleaning strips shortcode tags but preserves content between them","status":"passed","title":"strips shortcode tags but preserves content between them","duration":1.2211190000000443,"failureMessages":[],"meta":{}},{"ancestorTitles":["Source cleaning"],"fullName":"Source cleaning fixes mojibake encoding","status":"passed","title":"fixes mojibake encoding","duration":0.40241200000002664,"failureMessages":[],"meta":{}},{"ancestorTitles":["Source cleaning"],"fullName":"Source cleaning normalizes whitespace in HTML content","status":"passed","title":"normalizes whitespace in HTML content","duration":0.3971920000000182,"failureMessages":[],"meta":{}},{"ancestorTitles":["Content extraction"],"fullName":"Content extraction strips page shell (DOCTYPE, html, head, body, script, style)","status":"passed","title":"strips page shell (DOCTYPE, html, head, body, script, style)","duration":1.7669120000000476,"failureMessages":[],"meta":{}},{"ancestorTitles":["Content extraction"],"fullName":"Content extraction unwraps builder layout divs","status":"passed","title":"unwraps builder layout divs","duration":0.7889059999999972,"failureMessages":[],"meta":{}},{"ancestorTitles":["Bare div handling"],"fullName":"Bare div handling unwraps deeply nested bare divs","status":"passed","title":"unwraps deeply nested bare divs","duration":0.24942199999998138,"failureMessages":[],"meta":{}},{"ancestorTitles":["Bare div handling"],"fullName":"Bare div handling removes bare divs that become empty after unwrapping","status":"passed","title":"removes bare divs that become empty after unwrapping","duration":0.12269100000003164,"failureMessages":[],"meta":{}},{"ancestorTitles":["Builder class preservation"],"fullName":"Builder class preservation preserves builder classes through source cleaning (stages 1-4)","status":"passed","title":"preserves builder classes through source cleaning (stages 1-4)","duration":0.15822100000002592,"failureMessages":[],"meta":{}},{"ancestorTitles":["Secondary content filtering"],"fullName":"Secondary content filtering removes sidebar widgets","status":"passed","title":"removes sidebar widgets","duration":1.5039709999999786,"failureMessages":[],"meta":{}},{"ancestorTitles":["Secondary content filtering"],"fullName":"Secondary content filtering removes CTA / contact blocks","status":"passed","title":"removes CTA / contact blocks","duration":0.7659449999999879,"failureMessages":[],"meta":{}},{"ancestorTitles":["Sub-section stripping"],"fullName":"Sub-section stripping strips h3-h6 secondary headings inside H2 blocks","status":"passed","title":"strips h3-h6 secondary headings inside H2 blocks","duration":0.33555300000000443,"failureMessages":[],"meta":{}},{"ancestorTitles":["Link-list detection"],"fullName":"Link-list detection catches <ul> blog-roll patterns as post listings","status":"passed","title":"catches <ul> blog-roll patterns as post listings","duration":0.1427609999999504,"failureMessages":[],"meta":{}},{"ancestorTitles":["Empty element cleanup"],"fullName":"Empty element cleanup removes cascading empty elements","status":"passed","title":"removes cascading empty elements","duration":2.6484689999999773,"failureMessages":[],"meta":{}},{"ancestorTitles":["H2 splitting"],"fullName":"H2 splitting splits body into named content sections","status":"passed","title":"splits body into named content sections","duration":0.32032200000003286,"failureMessages":[],"meta":{}},{"ancestorTitles":["FAQ extraction"],"fullName":"FAQ extraction extracts Q&A patterns from content","status":"passed","title":"extracts Q&A patterns from content","duration":5.50973799999997,"failureMessages":[],"meta":{}},{"ancestorTitles":["Area heading normalization"],"fullName":"Area heading normalization keeps promoted section headings out of intro, why, and closing bodies","status":"passed","title":"keeps promoted section headings out of intro, why, and closing bodies","duration":1.7119219999999586,"failureMessages":[],"meta":{}},{"ancestorTitles":["Area heading normalization"],"fullName":"Area heading normalization promotes opening H4 headings while preserving later body headings","status":"passed","title":"promotes opening H4 headings while preserving later body headings","duration":0.8412860000000819,"failureMessages":[],"meta":{}},{"ancestorTitles":["Area heading normalization"],"fullName":"Area heading normalization rebuilds practice content with the original promoted heading level","status":"passed","title":"rebuilds practice content with the original promoted heading level","duration":1.4330800000000181,"failureMessages":[],"meta":{}},{"ancestorTitles":["Practice deterministic section parsing"],"fullName":"Practice deterministic section parsing merges pre-H2 intro into the first real practice section without creating a standalone intro section","status":"passed","title":"merges pre-H2 intro into the first real practice section without creating a standalone intro section","duration":0.9911869999999681,"failureMessages":[],"meta":{}},{"ancestorTitles":["Practice deterministic section parsing"],"fullName":"Practice deterministic section parsing extracts FAQ sections before practice section allocation","status":"passed","title":"extracts FAQ sections before practice section allocation","duration":0.5985940000000483,"failureMessages":[],"meta":{}},{"ancestorTitles":["Practice deterministic section parsing"],"fullName":"Practice deterministic section parsing treats FAQs headings as dedicated FAQ sections without duplicating them in content blocks","status":"passed","title":"treats FAQs headings as dedicated FAQ sections without duplicating them in content blocks","duration":0.6317439999999124,"failureMessages":[],"meta":{}},{"ancestorTitles":["Practice deterministic section parsing"],"fullName":"Practice deterministic section parsing recognizes FAQ headings that include trailing topic text","status":"passed","title":"recognizes FAQ headings that include trailing topic text","duration":0.6745750000000044,"failureMessages":[],"meta":{}},{"ancestorTitles":["Practice deterministic section parsing"],"fullName":"Practice deterministic section parsing populates the practice hero h1 field from the resolved page title","status":"passed","title":"populates the practice hero h1 field from the resolved page title","duration":0.3695830000000342,"failureMessages":[],"meta":{}},{"ancestorTitles":["Practice deterministic section parsing"],"fullName":"Practice deterministic section parsing preserves the full practice meta title while keeping the page title cleaned","status":"passed","title":"preserves the full practice meta title while keeping the page title cleaned","duration":2.817338999999947,"failureMessages":[],"meta":{}},{"ancestorTitles":["Practice deterministic section parsing"],"fullName":"Practice deterministic section parsing uses paragraph fallback chunks, preserves H4 headings, and extracts only the first image per practice section","status":"passed","title":"uses paragraph fallback chunks, preserves H4 headings, and extracts only the first image per practice section","duration":1.1671579999999722,"failureMessages":[],"meta":{}},{"ancestorTitles":["Practice deterministic section parsing"],"fullName":"Practice deterministic section parsing moves paragraph-wrapped inline images into the practice section image field","status":"passed","title":"moves paragraph-wrapped inline images into the practice section image field","duration":0.491333999999938,"failureMessages":[],"meta":{}},{"ancestorTitles":["Practice deterministic section parsing"],"fullName":"Practice deterministic section parsing extracts real lazy-loaded image urls for later practice sections","status":"passed","title":"extracts real lazy-loaded image urls for later practice sections","duration":0.7091950000000224,"failureMessages":[],"meta":{}},{"ancestorTitles":["Practice deterministic section parsing"],"fullName":"Practice deterministic section parsing drops placeholder-only image tags instead of storing data urls in practice sections","status":"passed","title":"drops placeholder-only image tags instead of storing data urls in practice sections","duration":0.37549300000000585,"failureMessages":[],"meta":{}},{"ancestorTitles":["Practice deterministic section parsing"],"fullName":"Practice deterministic section parsing prefers data-lazy-src and noscript fallback images for later practice sections","status":"passed","title":"prefers data-lazy-src and noscript fallback images for later practice sections","duration":0.8349249999999984,"failureMessages":[],"meta":{}},{"ancestorTitles":["Practice deterministic section parsing"],"fullName":"Practice deterministic section parsing removes recent-posts style sub-sections from practice body content","status":"passed","title":"removes recent-posts style sub-sections from practice body content","duration":0.305953000000045,"failureMessages":[],"meta":{}},{"ancestorTitles":["URL slug normalization"],"fullName":"URL slug normalization extracts slug from full URL","status":"passed","title":"extracts slug from full URL","duration":0.11546100000009574,"failureMessages":[],"meta":{}},{"ancestorTitles":["URL slug normalization"],"fullName":"URL slug normalization extracts slug from multi-segment path","status":"passed","title":"extracts slug from multi-segment path","duration":0.08840999999995347,"failureMessages":[],"meta":{}},{"ancestorTitles":["URL slug normalization"],"fullName":"URL slug normalization handles bare slug","status":"passed","title":"handles bare slug","duration":0.06889100000000781,"failureMessages":[],"meta":{}},{"ancestorTitles":["URL slug normalization"],"fullName":"URL slug normalization falls back to title when slug is empty","status":"passed","title":"falls back to title when slug is empty","duration":0.06715999999994438,"failureMessages":[],"meta":{}},{"ancestorTitles":["URL slug normalization"],"fullName":"URL slug normalization adds trailing slash for post slugs","status":"passed","title":"adds trailing slash for post slugs","duration":0.06330100000002403,"failureMessages":[],"meta":{}},{"ancestorTitles":["URL slug normalization"],"fullName":"URL slug normalization normalizes prefixed source practice paths to bare root slugs with a trailing slash","status":"passed","title":"normalizes prefixed source practice paths to bare root slugs with a trailing slash","duration":0.09006999999996879,"failureMessages":[],"meta":{}},{"ancestorTitles":["URL slug normalization"],"fullName":"URL slug normalization adds trailing slash to generated practice paths without a template prefix","status":"passed","title":"adds trailing slash to generated practice paths without a template prefix","duration":0.08649100000002363,"failureMessages":[],"meta":{}},{"ancestorTitles":["Validation"],"fullName":"Validation validates required fields","status":"passed","title":"validates required fields","duration":0.5049240000000736,"failureMessages":[],"meta":{}},{"ancestorTitles":["Validation"],"fullName":"Validation validates slug format","status":"passed","title":"validates slug format","duration":0.21004100000004655,"failureMessages":[],"meta":{}},{"ancestorTitles":["Validation"],"fullName":"Validation warns about missing meta description","status":"passed","title":"warns about missing meta description","duration":0.16063099999996666,"failureMessages":[],"meta":{}},{"ancestorTitles":["Practice image allocation"],"fullName":"Practice image allocation keeps hero background and OG image targets distinct in the prepared record","status":"passed","title":"keeps hero background and OG image targets distinct in the prepared record","duration":0.2610610000000406,"failureMessages":[],"meta":{}},{"ancestorTitles":["Practice detail section layout"],"fullName":"Practice detail section layout renders a full-width content section with centered CTAs when no image is present","status":"passed","title":"renders a full-width content section with centered CTAs when no image is present","duration":18.965011000000004,"failureMessages":[],"meta":{}},{"ancestorTitles":["Practice detail section layout"],"fullName":"Practice detail section layout renders CTAs beneath the image column when an image is present","status":"passed","title":"renders CTAs beneath the image column when an image is present","duration":1.358739999999898,"failureMessages":[],"meta":{}},{"ancestorTitles":["Practice detail section layout"],"fullName":"Practice detail section layout strips inline images from practice section body HTML before rendering","status":"passed","title":"strips inline images from practice section body HTML before rendering","duration":1.0133569999999281,"failureMessages":[],"meta":{}},{"ancestorTitles":["Full pipeline integration"],"fullName":"Full pipeline integration transforms raw Divi HTML into a clean CMS record","status":"passed","title":"transforms raw Divi HTML into a clean CMS record","duration":6.739336999999978,"failureMessages":[],"meta":{}},{"ancestorTitles":["CSV parsing"],"fullName":"CSV parsing parses CSV with headers and rows","status":"passed","title":"parses CSV with headers and rows","duration":0.5989940000000615,"failureMessages":[],"meta":{}},{"ancestorTitles":["CSV parsing"],"fullName":"CSV parsing handles quoted fields with commas","status":"passed","title":"handles quoted fields with commas","duration":0.19442100000003393,"failureMessages":[],"meta":{}},{"ancestorTitles":["JSON parsing"],"fullName":"JSON parsing parses JSON array","status":"passed","title":"parses JSON array","duration":0.40753300000005765,"failureMessages":[],"meta":{}},{"ancestorTitles":["JSON parsing"],"fullName":"JSON parsing extracts nested arrays with jsonPath","status":"passed","title":"extracts nested arrays with jsonPath","duration":0.22481200000004264,"failureMessages":[],"meta":{}}],"startTime":1775674141646,"endTime":1775674141712.4075,"status":"passed","message":"","name":"/root/app/code/client/lib/importer/__tests__/practicePagePipeline.spec.ts"}]}